<changelist name="JUnit5_test" date="1549924521112" recycled="false">
  <option name="PATH" value="$PROJECT_DIR$/.idea/shelf/JUnit5_test/shelved.patch" />
  <option name="DESCRIPTION" value="JUnit5 test" />
</changelist>